# JRE version: Java(TM) SE Runtime Environment (16.0.1+9) (build 16.0.1+9-24)
# Java VM: Java HotSpot(TM) 64-Bit Server VM (16.0.1+9-24, mixed mode, sharing, tiered, compressed oops, compressed class ptrs, g1 gc, windows-amd64)
GC Precious Log:
 CPUs: 8 total, 8 available
 Memory: 7991M
 Large Page Support: Disabled
 NUMA Support: Disabled
 Compressed Oops: Enabled (32-bit)
 Heap Region Size: 1M
 Heap Min Capacity: 8M
 Heap Initial Capacity: 126M
 Heap Max Capacity: 1998M
 Pre-touch: Disabled
 Parallel Workers: 8
 Concurrent Workers: 2
 Concurrent Refinement Workers: 8
 Periodic GC: Disabled
Heap:
 garbage-first heap   total 161792K, used 38650K [0x0000000083200000, 0x0000000100000000)
  region size 1024K, 25 young (25600K), 6 survivors (6144K)
 Metaspace       used 4328K, committed 4480K, reserved 1056768K
  class space    used 292K, committed 384K, reserved 1048576K
GC Heap History (14 events):
Event: 0.574 GC heap before
{Heap before GC invocations=0 (full 0):
 garbage-first heap   total 129024K, used 62464K [0x0000000083200000, 0x0000000100000000)
  region size 1024K, 19 young (19456K), 0 survivors (0K)
 Metaspace       used 4024K, committed 4160K, reserved 1056768K
  class space    used 276K, committed 320K, reserved 1048576K
}
Event: 0.578 GC heap after
{Heap after GC invocations=1 (full 0):
 garbage-first heap   total 129024K, used 46943K [0x0000000083200000, 0x0000000100000000)
  region size 1024K, 3 young (3072K), 3 survivors (3072K)
 Metaspace       used 4024K, committed 4160K, reserved 1056768K
  class space    used 276K, committed 320K, reserved 1048576K
}
Event: 0.634 GC heap before
{Heap before GC invocations=1 (full 0):
 garbage-first heap   total 129024K, used 98143K [0x0000000083200000, 0x0000000100000000)
  region size 1024K, 29 young (29696K), 3 survivors (3072K)
 Metaspace       used 4051K, committed 4224K, reserved 1056768K
  class space    used 276K, committed 320K, reserved 1048576K
}
Event: 0.636 GC heap after
{Heap after GC invocations=2 (full 0):
 garbage-first heap   total 129024K, used 71737K [0x0000000083200000, 0x0000000100000000)
  region size 1024K, 1 young (1024K), 1 survivors (1024K)
 Metaspace       used 4051K, committed 4224K, reserved 1056768K
  class space    used 276K, committed 320K, reserved 1048576K
}
Event: 0.663 GC heap before
{Heap before GC invocations=2 (full 0):
 garbage-first heap   total 129024K, used 100409K [0x0000000083200000, 0x0000000100000000)
  region size 1024K, 29 young (29696K), 1 survivors (1024K)
 Metaspace       used 4051K, committed 4224K, reserved 1056768K
  class space    used 276K, committed 320K, reserved 1048576K
}
Event: 0.663 GC heap after
{Heap after GC invocations=3 (full 0):
 garbage-first heap   total 129024K, used 71499K [0x0000000083200000, 0x0000000100000000)
  region size 1024K, 1 young (1024K), 1 survivors (1024K)
 Metaspace       used 4051K, committed 4224K, reserved 1056768K
  class space    used 276K, committed 320K, reserved 1048576K
}
Event: 0.716 GC heap before
{Heap before GC invocations=4 (full 0):
 garbage-first heap   total 129024K, used 104267K [0x0000000083200000, 0x0000000100000000)
  region size 1024K, 33 young (33792K), 1 survivors (1024K)
 Metaspace       used 4051K, committed 4224K, reserved 1056768K
  class space    used 276K, committed 320K, reserved 1048576K
}
Event: 0.717 GC heap after
{Heap after GC invocations=5 (full 0):
 garbage-first heap   total 129024K, used 71470K [0x0000000083200000, 0x0000000100000000)
  region size 1024K, 1 young (1024K), 1 survivors (1024K)
 Metaspace       used 4051K, committed 4224K, reserved 1056768K
  class space    used 276K, committed 320K, reserved 1048576K
}
Event: 0.748 GC heap before
{Heap before GC invocations=5 (full 0):
 garbage-first heap   total 129024K, used 106286K [0x0000000083200000, 0x0000000100000000)
  region size 1024K, 35 young (35840K), 1 survivors (1024K)
 Metaspace       used 4051K, committed 4224K, reserved 1056768K
  class space    used 276K, committed 320K, reserved 1048576K
}
Event: 0.749 GC heap after
{Heap after GC invocations=6 (full 0):
 garbage-first heap   total 129024K, used 71458K [0x0000000083200000, 0x0000000100000000)
  region size 1024K, 1 young (1024K), 1 survivors (1024K)
 Metaspace       used 4051K, committed 4224K, reserved 1056768K
  class space    used 276K, committed 320K, reserved 1048576K
}
Event: 0.907 GC heap before
{Heap before GC invocations=7 (full 0):
 garbage-first heap   total 129024K, used 108322K [0x0000000083200000, 0x0000000100000000)
  region size 1024K, 37 young (37888K), 1 survivors (1024K)
 Metaspace       used 4091K, committed 4224K, reserved 1056768K
  class space    used 278K, committed 320K, reserved 1048576K
}
Event: 0.909 GC heap after
{Heap after GC invocations=8 (full 0):
 garbage-first heap   total 161792K, used 12469K [0x0000000083200000, 0x0000000100000000)
  region size 1024K, 2 young (2048K), 2 survivors (2048K)
 Metaspace       used 4091K, committed 4224K, reserved 1056768K
  class space    used 278K, committed 320K, reserved 1048576K
}
Event: 0.992 GC heap before
{Heap before GC invocations=8 (full 0):
 garbage-first heap   total 161792K, used 107701K [0x0000000083200000, 0x0000000100000000)
  region size 1024K, 94 young (96256K), 2 survivors (2048K)
 Metaspace       used 4112K, committed 4224K, reserved 1056768K
  class space    used 278K, committed 320K, reserved 1048576K
}
Event: 1.002 GC heap after
{Heap after GC invocations=9 (full 0):
 garbage-first heap   total 161792K, used 19194K [0x0000000083200000, 0x0000000100000000)
  region size 1024K, 6 young (6144K), 6 survivors (6144K)
 Metaspace       used 4112K, committed 4224K, reserved 1056768K
  class space    used 278K, committed 320K, reserved 1048576K
}

